Analysis & Synthesis report for ID
Mon Aug 25 17:05:16 2014
Quartus II 64-Bit Version 13.0.1 Build 232 06/12/2013 Service Pack 1 SJ Web Edition


---------------------
; Table of Contents ;
---------------------
  1. Legal Notice
  2. Analysis & Synthesis Summary
  3. Analysis & Synthesis Settings
  4. Parallel Compilation
  5. Analysis & Synthesis Source Files Read
  6. Analysis & Synthesis Resource Usage Summary
  7. Analysis & Synthesis Resource Utilization by Entity
  8. Analysis & Synthesis RAM Summary
  9. State Machine - |id_complete|id_exe:id_exe|instr_type_out
 10. State Machine - |id_complete|cache:data_cache|current_state
 11. Registers Removed During Synthesis
 12. General Register Statistics
 13. Inverted Register Statistics
 14. Multiplexer Restructuring Statistics (Restructuring Performed)
 15. Source assignments for cache:data_cache|gmemory:data|altsyncram:mem_reg[0][31]__1|altsyncram_8og1:auto_generated
 16. Parameter Settings for User Entity Instance: cache:data_cache
 17. Parameter Settings for User Entity Instance: cache:data_cache|gmemory:data
 18. Parameter Settings for User Entity Instance: cache:data_cache|gmemory:data|altsyncram:mem_reg[0][31]__1
 19. altsyncram Parameter Settings by Entity Instance
 20. Elapsed Time Per Partition
 21. Analysis & Synthesis Messages



----------------
; Legal Notice ;
----------------
Copyright (C) 1991-2013 Altera Corporation
Your use of Altera Corporation's design tools, logic functions 
and other software and tools, and its AMPP partner logic 
functions, and any output files from any of the foregoing 
(including device programming or simulation files), and any 
associated documentation or information are expressly subject 
to the terms and conditions of the Altera Program License 
Subscription Agreement, Altera MegaCore Function License 
Agreement, or other applicable license agreement, including, 
without limitation, that your use is for the sole purpose of 
programming logic devices manufactured by Altera and sold by 
Altera or its authorized distributors.  Please refer to the 
applicable agreement for further details.



+--------------------------------------------------------------------------------------+
; Analysis & Synthesis Summary                                                         ;
+------------------------------------+-------------------------------------------------+
; Analysis & Synthesis Status        ; Successful - Mon Aug 25 17:05:15 2014           ;
; Quartus II 64-Bit Version          ; 13.0.1 Build 232 06/12/2013 SP 1 SJ Web Edition ;
; Revision Name                      ; ID                                              ;
; Top-level Entity Name              ; id_complete                                     ;
; Family                             ; Cyclone II                                      ;
; Total logic elements               ; 3,658                                           ;
;     Total combinational functions  ; 3,049                                           ;
;     Dedicated logic registers      ; 1,443                                           ;
; Total registers                    ; 1443                                            ;
; Total pins                         ; 514                                             ;
; Total virtual pins                 ; 0                                               ;
; Total memory bits                  ; 2,048                                           ;
; Embedded Multiplier 9-bit elements ; 0                                               ;
; Total PLLs                         ; 0                                               ;
+------------------------------------+-------------------------------------------------+


+----------------------------------------------------------------------------------------------------------------------+
; Analysis & Synthesis Settings                                                                                        ;
+----------------------------------------------------------------------------+--------------------+--------------------+
; Option                                                                     ; Setting            ; Default Value      ;
+----------------------------------------------------------------------------+--------------------+--------------------+
; Device                                                                     ; EP2C70F896I8       ;                    ;
; Top-level entity name                                                      ; id_complete        ; ID                 ;
; Family name                                                                ; Cyclone II         ; Cyclone IV GX      ;
; Use smart compilation                                                      ; Off                ; Off                ;
; Enable parallel Assembler and TimeQuest Timing Analyzer during compilation ; On                 ; On                 ;
; Enable compact report table                                                ; Off                ; Off                ;
; Restructure Multiplexers                                                   ; Auto               ; Auto               ;
; Create Debugging Nodes for IP Cores                                        ; Off                ; Off                ;
; Preserve fewer node names                                                  ; On                 ; On                 ;
; Disable OpenCore Plus hardware evaluation                                  ; Off                ; Off                ;
; Verilog Version                                                            ; Verilog_2001       ; Verilog_2001       ;
; VHDL Version                                                               ; VHDL_1993          ; VHDL_1993          ;
; State Machine Processing                                                   ; Auto               ; Auto               ;
; Safe State Machine                                                         ; Off                ; Off                ;
; Extract Verilog State Machines                                             ; On                 ; On                 ;
; Extract VHDL State Machines                                                ; On                 ; On                 ;
; Ignore Verilog initial constructs                                          ; Off                ; Off                ;
; Iteration limit for constant Verilog loops                                 ; 5000               ; 5000               ;
; Iteration limit for non-constant Verilog loops                             ; 250                ; 250                ;
; Add Pass-Through Logic to Inferred RAMs                                    ; On                 ; On                 ;
; Infer RAMs from Raw Logic                                                  ; On                 ; On                 ;
; Parallel Synthesis                                                         ; On                 ; On                 ;
; DSP Block Balancing                                                        ; Auto               ; Auto               ;
; NOT Gate Push-Back                                                         ; On                 ; On                 ;
; Power-Up Don't Care                                                        ; On                 ; On                 ;
; Remove Redundant Logic Cells                                               ; Off                ; Off                ;
; Remove Duplicate Registers                                                 ; On                 ; On                 ;
; Ignore CARRY Buffers                                                       ; Off                ; Off                ;
; Ignore CASCADE Buffers                                                     ; Off                ; Off                ;
; Ignore GLOBAL Buffers                                                      ; Off                ; Off                ;
; Ignore ROW GLOBAL Buffers                                                  ; Off                ; Off                ;
; Ignore LCELL Buffers                                                       ; Off                ; Off                ;
; Ignore SOFT Buffers                                                        ; On                 ; On                 ;
; Limit AHDL Integers to 32 Bits                                             ; Off                ; Off                ;
; Optimization Technique                                                     ; Balanced           ; Balanced           ;
; Carry Chain Length                                                         ; 70                 ; 70                 ;
; Auto Carry Chains                                                          ; On                 ; On                 ;
; Auto Open-Drain Pins                                                       ; On                 ; On                 ;
; Perform WYSIWYG Primitive Resynthesis                                      ; Off                ; Off                ;
; Auto ROM Replacement                                                       ; On                 ; On                 ;
; Auto RAM Replacement                                                       ; On                 ; On                 ;
; Auto Shift Register Replacement                                            ; Auto               ; Auto               ;
; Allow Shift Register Merging across Hierarchies                            ; Auto               ; Auto               ;
; Auto Clock Enable Replacement                                              ; On                 ; On                 ;
; Strict RAM Replacement                                                     ; Off                ; Off                ;
; Allow Synchronous Control Signals                                          ; On                 ; On                 ;
; Force Use of Synchronous Clear Signals                                     ; Off                ; Off                ;
; Auto RAM to Logic Cell Conversion                                          ; Off                ; Off                ;
; Auto Resource Sharing                                                      ; Off                ; Off                ;
; Allow Any RAM Size For Recognition                                         ; Off                ; Off                ;
; Allow Any ROM Size For Recognition                                         ; Off                ; Off                ;
; Allow Any Shift Register Size For Recognition                              ; Off                ; Off                ;
; Use LogicLock Constraints during Resource Balancing                        ; On                 ; On                 ;
; Ignore translate_off and synthesis_off directives                          ; Off                ; Off                ;
; Timing-Driven Synthesis                                                    ; Off                ; Off                ;
; Report Parameter Settings                                                  ; On                 ; On                 ;
; Report Source Assignments                                                  ; On                 ; On                 ;
; Report Connectivity Checks                                                 ; On                 ; On                 ;
; Ignore Maximum Fan-Out Assignments                                         ; Off                ; Off                ;
; Synchronization Register Chain Length                                      ; 2                  ; 2                  ;
; PowerPlay Power Optimization                                               ; Normal compilation ; Normal compilation ;
; HDL message level                                                          ; Level2             ; Level2             ;
; Suppress Register Optimization Related Messages                            ; Off                ; Off                ;
; Number of Removed Registers Reported in Synthesis Report                   ; 5000               ; 5000               ;
; Number of Swept Nodes Reported in Synthesis Report                         ; 5000               ; 5000               ;
; Number of Inverted Registers Reported in Synthesis Report                  ; 100                ; 100                ;
; Clock MUX Protection                                                       ; On                 ; On                 ;
; Auto Gated Clock Conversion                                                ; Off                ; Off                ;
; Block Design Naming                                                        ; Auto               ; Auto               ;
; SDC constraint protection                                                  ; Off                ; Off                ;
; Synthesis Effort                                                           ; Auto               ; Auto               ;
; Shift Register Replacement - Allow Asynchronous Clear Signal               ; On                 ; On                 ;
; Pre-Mapping Resynthesis Optimization                                       ; Off                ; Off                ;
; Analysis & Synthesis Message Level                                         ; Medium             ; Medium             ;
; Disable Register Merging Across Hierarchies                                ; Auto               ; Auto               ;
; Resource Aware Inference For Block RAM                                     ; On                 ; On                 ;
; Synthesis Seed                                                             ; 1                  ; 1                  ;
+----------------------------------------------------------------------------+--------------------+--------------------+


Parallel compilation was disabled, but you have multiple processors available. Enable parallel compilation to reduce compilation time.
+-------------------------------------+
; Parallel Compilation                ;
+----------------------------+--------+
; Processors                 ; Number ;
+----------------------------+--------+
; Number detected on machine ; 4      ;
; Maximum allowed            ; 1      ;
+----------------------------+--------+


+--------------------------------------------------------------------------------------------------------------------------------------------------------------------------+
; Analysis & Synthesis Source Files Read                                                                                                                                   ;
+----------------------------------+-----------------+------------------------------+----------------------------------------------------------------------------+---------+
; File Name with User-Entered Path ; Used in Netlist ; File Type                    ; File Name with Absolute Path                                               ; Library ;
+----------------------------------+-----------------+------------------------------+----------------------------------------------------------------------------+---------+
; check_pc.vhd                     ; yes             ; User VHDL File               ; D:/Quartus Projects/VLSIProjekat_memory/Pipeline/ID/check_pc.vhd           ;         ;
; check_load.vhd                   ; yes             ; User VHDL File               ; D:/Quartus Projects/VLSIProjekat_memory/Pipeline/ID/check_load.vhd         ;         ;
; bbl_handler.vhd                  ; yes             ; User VHDL File               ; D:/Quartus Projects/VLSIProjekat_memory/Pipeline/ID/bbl_handler.vhd        ;         ;
; instructions_types.vhd           ; yes             ; User VHDL File               ; D:/Quartus Projects/VLSIProjekat_memory/Pipeline/ID/instructions_types.vhd ;         ;
; register_file.vhd                ; yes             ; User VHDL File               ; D:/Quartus Projects/VLSIProjekat_memory/Pipeline/ID/register_file.vhd      ;         ;
; operation_decoder.vhd            ; yes             ; User VHDL File               ; D:/Quartus Projects/VLSIProjekat_memory/Pipeline/ID/operation_decoder.vhd  ;         ;
; id_exe.vhd                       ; yes             ; User VHDL File               ; D:/Quartus Projects/VLSIProjekat_memory/Pipeline/ID/id_exe.vhd             ;         ;
; id_complete.vhd                  ; yes             ; User VHDL File               ; D:/Quartus Projects/VLSIProjekat_memory/Pipeline/ID/id_complete.vhd        ;         ;
; ../../Cache/gmemory.vhd          ; yes             ; User VHDL File               ; D:/Quartus Projects/VLSIProjekat_memory/Cache/gmemory.vhd                  ;         ;
; ../../Cache/cache.vhd            ; yes             ; User VHDL File               ; D:/Quartus Projects/VLSIProjekat_memory/Cache/cache.vhd                    ;         ;
; altsyncram.tdf                   ; yes             ; Megafunction                 ; d:/altera/13.0sp1/quartus/libraries/megafunctions/altsyncram.tdf           ;         ;
; stratix_ram_block.inc            ; yes             ; Megafunction                 ; d:/altera/13.0sp1/quartus/libraries/megafunctions/stratix_ram_block.inc    ;         ;
; lpm_mux.inc                      ; yes             ; Megafunction                 ; d:/altera/13.0sp1/quartus/libraries/megafunctions/lpm_mux.inc              ;         ;
; lpm_decode.inc                   ; yes             ; Megafunction                 ; d:/altera/13.0sp1/quartus/libraries/megafunctions/lpm_decode.inc           ;         ;
; aglobal130.inc                   ; yes             ; Megafunction                 ; d:/altera/13.0sp1/quartus/libraries/megafunctions/aglobal130.inc           ;         ;
; a_rdenreg.inc                    ; yes             ; Megafunction                 ; d:/altera/13.0sp1/quartus/libraries/megafunctions/a_rdenreg.inc            ;         ;
; altrom.inc                       ; yes             ; Megafunction                 ; d:/altera/13.0sp1/quartus/libraries/megafunctions/altrom.inc               ;         ;
; altram.inc                       ; yes             ; Megafunction                 ; d:/altera/13.0sp1/quartus/libraries/megafunctions/altram.inc               ;         ;
; altdpram.inc                     ; yes             ; Megafunction                 ; d:/altera/13.0sp1/quartus/libraries/megafunctions/altdpram.inc             ;         ;
; db/altsyncram_8og1.tdf           ; yes             ; Auto-Generated Megafunction  ; D:/Quartus Projects/VLSIProjekat_memory/Pipeline/ID/db/altsyncram_8og1.tdf ;         ;
+----------------------------------+-----------------+------------------------------+----------------------------------------------------------------------------+---------+


+-----------------------------------------------------+
; Analysis & Synthesis Resource Usage Summary         ;
+---------------------------------------------+-------+
; Resource                                    ; Usage ;
+---------------------------------------------+-------+
; Estimated Total logic elements              ; 3,658 ;
;                                             ;       ;
; Total combinational functions               ; 3049  ;
; Logic element usage by number of LUT inputs ;       ;
;     -- 4 input functions                    ; 2661  ;
;     -- 3 input functions                    ; 290   ;
;     -- <=2 input functions                  ; 98    ;
;                                             ;       ;
; Logic elements by mode                      ;       ;
;     -- normal mode                          ; 3018  ;
;     -- arithmetic mode                      ; 31    ;
;                                             ;       ;
; Total registers                             ; 1443  ;
;     -- Dedicated logic registers            ; 1443  ;
;     -- I/O registers                        ; 0     ;
;                                             ;       ;
; I/O pins                                    ; 514   ;
; Total memory bits                           ; 2048  ;
; Embedded Multiplier 9-bit elements          ; 0     ;
; Maximum fan-out node                        ; clk   ;
; Maximum fan-out                             ; 1475  ;
; Total fan-out                               ; 17432 ;
; Average fan-out                             ; 3.46  ;
+---------------------------------------------+-------+


+----------------------------------------------------------------------------------------------------------------------------------------------------------------------------------------------------------------------------------------------------------------------------------+
; Analysis & Synthesis Resource Utilization by Entity                                                                                                                                                                                                                              ;
+----------------------------------------------+-------------------+--------------+-------------+--------------+---------+-----------+------+--------------+--------------------------------------------------------------------------------------------------------+--------------+
; Compilation Hierarchy Node                   ; LC Combinationals ; LC Registers ; Memory Bits ; DSP Elements ; DSP 9x9 ; DSP 18x18 ; Pins ; Virtual Pins ; Full Hierarchy Name                                                                                    ; Library Name ;
+----------------------------------------------+-------------------+--------------+-------------+--------------+---------+-----------+------+--------------+--------------------------------------------------------------------------------------------------------+--------------+
; |id_complete                                 ; 3049 (35)         ; 1443 (0)     ; 2048        ; 0            ; 0       ; 0         ; 514  ; 0            ; |id_complete                                                                                           ; work         ;
;    |bbl_handler:bbl_handler|                 ; 68 (68)           ; 0 (0)        ; 0           ; 0            ; 0       ; 0         ; 0    ; 0            ; |id_complete|bbl_handler:bbl_handler                                                                   ; work         ;
;    |cache:data_cache|                        ; 722 (690)         ; 602 (569)    ; 2048        ; 0            ; 0       ; 0         ; 0    ; 0            ; |id_complete|cache:data_cache                                                                          ; work         ;
;       |gmemory:data|                         ; 32 (32)           ; 33 (33)      ; 2048        ; 0            ; 0       ; 0         ; 0    ; 0            ; |id_complete|cache:data_cache|gmemory:data                                                             ; work         ;
;          |altsyncram:mem_reg[0][31]__1|      ; 0 (0)             ; 0 (0)        ; 2048        ; 0            ; 0       ; 0         ; 0    ; 0            ; |id_complete|cache:data_cache|gmemory:data|altsyncram:mem_reg[0][31]__1                                ; work         ;
;             |altsyncram_8og1:auto_generated| ; 0 (0)             ; 0 (0)        ; 2048        ; 0            ; 0       ; 0         ; 0    ; 0            ; |id_complete|cache:data_cache|gmemory:data|altsyncram:mem_reg[0][31]__1|altsyncram_8og1:auto_generated ; work         ;
;    |check_load_store:load_store|             ; 180 (180)         ; 0 (0)        ; 0           ; 0            ; 0       ; 0         ; 0    ; 0            ; |id_complete|check_load_store:load_store                                                               ; work         ;
;    |check_pc:pc_rd|                          ; 4 (4)             ; 1 (1)        ; 0           ; 0            ; 0       ; 0         ; 0    ; 0            ; |id_complete|check_pc:pc_rd                                                                            ; work         ;
;    |id_exe:id_exe|                           ; 390 (390)         ; 328 (328)    ; 0           ; 0            ; 0       ; 0         ; 0    ; 0            ; |id_complete|id_exe:id_exe                                                                             ; work         ;
;    |operation_decoder:op_decoder|            ; 6 (6)             ; 0 (0)        ; 0           ; 0            ; 0       ; 0         ; 0    ; 0            ; |id_complete|operation_decoder:op_decoder                                                              ; work         ;
;    |register_file:reg_file|                  ; 1644 (1644)       ; 512 (512)    ; 0           ; 0            ; 0       ; 0         ; 0    ; 0            ; |id_complete|register_file:reg_file                                                                    ; work         ;
+----------------------------------------------+-------------------+--------------+-------------+--------------+---------+-----------+------+--------------+--------------------------------------------------------------------------------------------------------+--------------+
Note: For table entries with two numbers listed, the numbers in parentheses indicate the number of resources of the given type used by the specific entity alone. The numbers listed outside of parentheses indicate the total resources of the given type used by the specific entity and all of its sub-entities in the hierarchy.


+----------------------------------------------------------------------------------------------------------------------------------------------------------------------------------------------------------+
; Analysis & Synthesis RAM Summary                                                                                                                                                                         ;
+------------------------------------------------------------------------------------------------------+------+------------------+--------------+--------------+--------------+--------------+------+------+
; Name                                                                                                 ; Type ; Mode             ; Port A Depth ; Port A Width ; Port B Depth ; Port B Width ; Size ; MIF  ;
+------------------------------------------------------------------------------------------------------+------+------------------+--------------+--------------+--------------+--------------+------+------+
; cache:data_cache|gmemory:data|altsyncram:mem_reg[0][31]__1|altsyncram_8og1:auto_generated|ALTSYNCRAM ; AUTO ; Simple Dual Port ; 64           ; 32           ; 64           ; 32           ; 2048 ; None ;
+------------------------------------------------------------------------------------------------------+------+------------------+--------------+--------------+--------------+--------------+------+------+


Encoding Type:  One-Hot
+----------------------------------------------------------------------------------------------------------------------------------------------------------------------------------------------+
; State Machine - |id_complete|id_exe:id_exe|instr_type_out                                                                                                                                    ;
+-----------------------------+-------------------------+-------------------------+------------------------+--------------------------+--------------------------+-----------------------------+
; Name                        ; instr_type_out.STP~reg0 ; instr_type_out.BBL~reg0 ; instr_type_out.LS~reg0 ; instr_type_out.DP_I~reg0 ; instr_type_out.DP_R~reg0 ; instr_type_out.INVALID~reg0 ;
+-----------------------------+-------------------------+-------------------------+------------------------+--------------------------+--------------------------+-----------------------------+
; instr_type_out.INVALID~reg0 ; 0                       ; 0                       ; 0                      ; 0                        ; 0                        ; 0                           ;
; instr_type_out.DP_R~reg0    ; 0                       ; 0                       ; 0                      ; 0                        ; 1                        ; 1                           ;
; instr_type_out.DP_I~reg0    ; 0                       ; 0                       ; 0                      ; 1                        ; 0                        ; 1                           ;
; instr_type_out.LS~reg0      ; 0                       ; 0                       ; 1                      ; 0                        ; 0                        ; 1                           ;
; instr_type_out.BBL~reg0     ; 0                       ; 1                       ; 0                      ; 0                        ; 0                        ; 1                           ;
; instr_type_out.STP~reg0     ; 1                       ; 0                       ; 0                      ; 0                        ; 0                        ; 1                           ;
+-----------------------------+-------------------------+-------------------------+------------------------+--------------------------+--------------------------+-----------------------------+


Encoding Type:  One-Hot
+--------------------------------------------------------------------------------------------------------------------------------------------------------------------------------------------------------------------------------------------------------------------------------------------------------------------------------------------------------------------------+
; State Machine - |id_complete|cache:data_cache|current_state                                                                                                                                                                                                                                                                                                              ;
+--------------------------------+----------------------------+---------------------------+---------------------------+----------------------------+--------------------------------+--------------------------------+-----------------------------+-------------------------------+-----------------------------+------------------------------+--------------------------+
; Name                           ; current_state.ACK_WAIT_STP ; current_state.ACK_WAIT_WB ; current_state.ACK_WAIT_RM ; current_state.STOPED_STATE ; current_state.WAITING_WB_STATE ; current_state.WRITE_BACK_STATE ; current_state.EXECUTE_STATE ; current_state.READ_DBUS_STATE ; current_state.WAITING_STATE ; current_state.READ_MEM_STATE ; current_state.IDLE_STATE ;
+--------------------------------+----------------------------+---------------------------+---------------------------+----------------------------+--------------------------------+--------------------------------+-----------------------------+-------------------------------+-----------------------------+------------------------------+--------------------------+
; current_state.IDLE_STATE       ; 0                          ; 0                         ; 0                         ; 0                          ; 0                              ; 0                              ; 0                           ; 0                             ; 0                           ; 0                            ; 0                        ;
; current_state.READ_MEM_STATE   ; 0                          ; 0                         ; 0                         ; 0                          ; 0                              ; 0                              ; 0                           ; 0                             ; 0                           ; 1                            ; 1                        ;
; current_state.WAITING_STATE    ; 0                          ; 0                         ; 0                         ; 0                          ; 0                              ; 0                              ; 0                           ; 0                             ; 1                           ; 0                            ; 1                        ;
; current_state.READ_DBUS_STATE  ; 0                          ; 0                         ; 0                         ; 0                          ; 0                              ; 0                              ; 0                           ; 1                             ; 0                           ; 0                            ; 1                        ;
; current_state.EXECUTE_STATE    ; 0                          ; 0                         ; 0                         ; 0                          ; 0                              ; 0                              ; 1                           ; 0                             ; 0                           ; 0                            ; 1                        ;
; current_state.WRITE_BACK_STATE ; 0                          ; 0                         ; 0                         ; 0                          ; 0                              ; 1                              ; 0                           ; 0                             ; 0                           ; 0                            ; 1                        ;
; current_state.WAITING_WB_STATE ; 0                          ; 0                         ; 0                         ; 0                          ; 1                              ; 0                              ; 0                           ; 0                             ; 0                           ; 0                            ; 1                        ;
; current_state.STOPED_STATE     ; 0                          ; 0                         ; 0                         ; 1                          ; 0                              ; 0                              ; 0                           ; 0                             ; 0                           ; 0                            ; 1                        ;
; current_state.ACK_WAIT_RM      ; 0                          ; 0                         ; 1                         ; 0                          ; 0                              ; 0                              ; 0                           ; 0                             ; 0                           ; 0                            ; 1                        ;
; current_state.ACK_WAIT_WB      ; 0                          ; 1                         ; 0                         ; 0                          ; 0                              ; 0                              ; 0                           ; 0                             ; 0                           ; 0                            ; 1                        ;
; current_state.ACK_WAIT_STP     ; 1                          ; 0                         ; 0                         ; 0                          ; 0                              ; 0                              ; 0                           ; 0                             ; 0                           ; 0                            ; 1                        ;
+--------------------------------+----------------------------+---------------------------+---------------------------+----------------------------+--------------------------------+--------------------------------+-----------------------------+-------------------------------+-----------------------------+------------------------------+--------------------------+


+--------------------------------------------------------------------------------+
; Registers Removed During Synthesis                                             ;
+---------------------------------------+----------------------------------------+
; Register name                         ; Reason for Removal                     ;
+---------------------------------------+----------------------------------------+
; cache:data_cache|stop_reg             ; Stuck at VCC due to stuck port data_in ;
; Total Number of Removed Registers = 1 ;                                        ;
+---------------------------------------+----------------------------------------+


+------------------------------------------------------+
; General Register Statistics                          ;
+----------------------------------------------+-------+
; Statistic                                    ; Value ;
+----------------------------------------------+-------+
; Total registers                              ; 1443  ;
; Number of registers using Synchronous Clear  ; 0     ;
; Number of registers using Synchronous Load   ; 64    ;
; Number of registers using Asynchronous Clear ; 724   ;
; Number of registers using Asynchronous Load  ; 0     ;
; Number of registers using Clock Enable       ; 1298  ;
; Number of registers using Preset             ; 0     ;
+----------------------------------------------+-------+


+--------------------------------------------------+
; Inverted Register Statistics                     ;
+----------------------------------------+---------+
; Inverted Register                      ; Fan out ;
+----------------------------------------+---------+
; check_pc:pc_rd|status                  ; 1       ;
; Total number of inverted registers = 1 ;         ;
+----------------------------------------+---------+


+-----------------------------------------------------------------------------------------------------------------------------------------------------------------------+
; Multiplexer Restructuring Statistics (Restructuring Performed)                                                                                                        ;
+--------------------+-----------+---------------+----------------------+------------------------+------------+---------------------------------------------------------+
; Multiplexer Inputs ; Bus Width ; Baseline Area ; Area if Restructured ; Saving if Restructured ; Registered ; Example Multiplexer Output                              ;
+--------------------+-----------+---------------+----------------------+------------------------+------------+---------------------------------------------------------+
; 3:1                ; 32 bits   ; 64 LEs        ; 0 LEs                ; 64 LEs                 ; Yes        ; |id_complete|cache:data_cache|cpu_addr_reg[22]          ;
; 4:1                ; 32 bits   ; 64 LEs        ; 32 LEs               ; 32 LEs                 ; Yes        ; |id_complete|register_file:reg_file|registers[14][11]   ;
; 4:1                ; 32 bits   ; 64 LEs        ; 32 LEs               ; 32 LEs                 ; Yes        ; |id_complete|register_file:reg_file|registers[13][24]   ;
; 4:1                ; 32 bits   ; 64 LEs        ; 32 LEs               ; 32 LEs                 ; Yes        ; |id_complete|register_file:reg_file|registers[12][12]   ;
; 4:1                ; 32 bits   ; 64 LEs        ; 32 LEs               ; 32 LEs                 ; Yes        ; |id_complete|register_file:reg_file|registers[11][12]   ;
; 4:1                ; 32 bits   ; 64 LEs        ; 32 LEs               ; 32 LEs                 ; Yes        ; |id_complete|register_file:reg_file|registers[10][6]    ;
; 4:1                ; 32 bits   ; 64 LEs        ; 32 LEs               ; 32 LEs                 ; Yes        ; |id_complete|register_file:reg_file|registers[9][12]    ;
; 4:1                ; 32 bits   ; 64 LEs        ; 32 LEs               ; 32 LEs                 ; Yes        ; |id_complete|register_file:reg_file|registers[8][28]    ;
; 4:1                ; 32 bits   ; 64 LEs        ; 32 LEs               ; 32 LEs                 ; Yes        ; |id_complete|register_file:reg_file|registers[7][12]    ;
; 4:1                ; 32 bits   ; 64 LEs        ; 32 LEs               ; 32 LEs                 ; Yes        ; |id_complete|register_file:reg_file|registers[6][25]    ;
; 4:1                ; 32 bits   ; 64 LEs        ; 32 LEs               ; 32 LEs                 ; Yes        ; |id_complete|register_file:reg_file|registers[5][26]    ;
; 4:1                ; 32 bits   ; 64 LEs        ; 32 LEs               ; 32 LEs                 ; Yes        ; |id_complete|register_file:reg_file|registers[4][22]    ;
; 4:1                ; 32 bits   ; 64 LEs        ; 32 LEs               ; 32 LEs                 ; Yes        ; |id_complete|register_file:reg_file|registers[3][8]     ;
; 4:1                ; 32 bits   ; 64 LEs        ; 32 LEs               ; 32 LEs                 ; Yes        ; |id_complete|register_file:reg_file|registers[2][23]    ;
; 4:1                ; 32 bits   ; 64 LEs        ; 32 LEs               ; 32 LEs                 ; Yes        ; |id_complete|register_file:reg_file|registers[1][8]     ;
; 4:1                ; 32 bits   ; 64 LEs        ; 32 LEs               ; 32 LEs                 ; Yes        ; |id_complete|register_file:reg_file|registers[0][28]    ;
; 6:1                ; 4 bits    ; 16 LEs        ; 0 LEs                ; 16 LEs                 ; Yes        ; |id_complete|cache:data_cache|entry_reg[3]              ;
; 9:1                ; 4 bits    ; 24 LEs        ; 8 LEs                ; 16 LEs                 ; Yes        ; |id_complete|cache:data_cache|mem_wait_for[1]           ;
; 3:1                ; 32 bits   ; 64 LEs        ; 64 LEs               ; 0 LEs                  ; Yes        ; |id_complete|id_exe:id_exe|rn_out[0]~reg0               ;
; 16:1               ; 32 bits   ; 320 LEs       ; 320 LEs              ; 0 LEs                  ; Yes        ; |id_complete|id_exe:id_exe|rs_out[28]~reg0              ;
; 18:1               ; 32 bits   ; 384 LEs       ; 384 LEs              ; 0 LEs                  ; Yes        ; |id_complete|id_exe:id_exe|rm_out[2]~reg0               ;
; 8:1                ; 2 bits    ; 10 LEs        ; 4 LEs                ; 6 LEs                  ; Yes        ; |id_complete|cache:data_cache|words_counter[1]          ;
; 3:1                ; 32 bits   ; 64 LEs        ; 32 LEs               ; 32 LEs                 ; No         ; |id_complete|bbl_handler:bbl_handler|jmp_addr[13]       ;
; 3:1                ; 2 bits    ; 4 LEs         ; 2 LEs                ; 2 LEs                  ; No         ; |id_complete|check_load_store:load_store|cache_rd       ;
; 4:1                ; 2 bits    ; 4 LEs         ; 2 LEs                ; 2 LEs                  ; No         ; |id_complete|cache:data_cache|next_state                ;
; 4:1                ; 32 bits   ; 64 LEs        ; 32 LEs               ; 32 LEs                 ; No         ; |id_complete|bbl_handler:bbl_handler|link_reg[3]        ;
; 16:1               ; 32 bits   ; 320 LEs       ; 320 LEs              ; 0 LEs                  ; No         ; |id_complete|register_file:reg_file|Mux6                ;
; 5:1                ; 32 bits   ; 96 LEs        ; 64 LEs               ; 32 LEs                 ; No         ; |id_complete|check_load_store:load_store|cache_addr[26] ;
; 16:1               ; 2 bits    ; 20 LEs        ; 20 LEs               ; 0 LEs                  ; No         ; |id_complete|cache:data_cache|Mux0                      ;
; 16:1               ; 32 bits   ; 320 LEs       ; 320 LEs              ; 0 LEs                  ; No         ; |id_complete|register_file:reg_file|Mux37               ;
; 6:1                ; 32 bits   ; 128 LEs       ; 64 LEs               ; 64 LEs                 ; No         ; |id_complete|check_load_store:load_store|cache_data[18] ;
; 8:1                ; 32 bits   ; 160 LEs       ; 96 LEs               ; 64 LEs                 ; No         ; |id_complete|cache:data_cache|Selector125               ;
; 10:1               ; 2 bits    ; 12 LEs        ; 8 LEs                ; 4 LEs                  ; No         ; |id_complete|cache:data_cache|Selector108               ;
; 19:1               ; 4 bits    ; 48 LEs        ; 16 LEs               ; 32 LEs                 ; No         ; |id_complete|cache:data_cache|Selector103               ;
+--------------------+-----------+---------------+----------------------+------------------------+------------+---------------------------------------------------------+


+------------------------------------------------------------------------------------------------------------------+
; Source assignments for cache:data_cache|gmemory:data|altsyncram:mem_reg[0][31]__1|altsyncram_8og1:auto_generated ;
+---------------------------------+--------------------+------+----------------------------------------------------+
; Assignment                      ; Value              ; From ; To                                                 ;
+---------------------------------+--------------------+------+----------------------------------------------------+
; OPTIMIZE_POWER_DURING_SYNTHESIS ; NORMAL_COMPILATION ; -    ; -                                                  ;
+---------------------------------+--------------------+------+----------------------------------------------------+


+---------------------------------------------------------------+
; Parameter Settings for User Entity Instance: cache:data_cache ;
+----------------+-------+--------------------------------------+
; Parameter Name ; Value ; Type                                 ;
+----------------+-------+--------------------------------------+
; k              ; 4     ; Signed Integer                       ;
; l              ; 2     ; Signed Integer                       ;
+----------------+-------+--------------------------------------+
Note: In order to hide this table in the UI and the text report file, please set the "Show Parameter Settings in Synthesis Report" option in "Analysis and Synthesis Settings -> More Settings" to "Off".


+----------------------------------------------------------------------------+
; Parameter Settings for User Entity Instance: cache:data_cache|gmemory:data ;
+----------------+-------+---------------------------------------------------+
; Parameter Name ; Value ; Type                                              ;
+----------------+-------+---------------------------------------------------+
; tcq            ; 0 fs  ; Physical                                          ;
; address_width  ; 6     ; Signed Integer                                    ;
; data_width     ; 32    ; Signed Integer                                    ;
+----------------+-------+---------------------------------------------------+
Note: In order to hide this table in the UI and the text report file, please set the "Show Parameter Settings in Synthesis Report" option in "Analysis and Synthesis Settings -> More Settings" to "Off".


+---------------------------------------------------------------------------------------------------------+
; Parameter Settings for User Entity Instance: cache:data_cache|gmemory:data|altsyncram:mem_reg[0][31]__1 ;
+------------------------------------+----------------------+---------------------------------------------+
; Parameter Name                     ; Value                ; Type                                        ;
+------------------------------------+----------------------+---------------------------------------------+
; BYTE_SIZE_BLOCK                    ; 8                    ; Untyped                                     ;
; AUTO_CARRY_CHAINS                  ; ON                   ; AUTO_CARRY                                  ;
; IGNORE_CARRY_BUFFERS               ; OFF                  ; IGNORE_CARRY                                ;
; AUTO_CASCADE_CHAINS                ; ON                   ; AUTO_CASCADE                                ;
; IGNORE_CASCADE_BUFFERS             ; OFF                  ; IGNORE_CASCADE                              ;
; WIDTH_BYTEENA                      ; 1                    ; Untyped                                     ;
; OPERATION_MODE                     ; DUAL_PORT            ; Untyped                                     ;
; WIDTH_A                            ; 32                   ; Untyped                                     ;
; WIDTHAD_A                          ; 6                    ; Untyped                                     ;
; NUMWORDS_A                         ; 64                   ; Untyped                                     ;
; OUTDATA_REG_A                      ; UNREGISTERED         ; Untyped                                     ;
; ADDRESS_ACLR_A                     ; NONE                 ; Untyped                                     ;
; OUTDATA_ACLR_A                     ; NONE                 ; Untyped                                     ;
; WRCONTROL_ACLR_A                   ; NONE                 ; Untyped                                     ;
; INDATA_ACLR_A                      ; NONE                 ; Untyped                                     ;
; BYTEENA_ACLR_A                     ; NONE                 ; Untyped                                     ;
; WIDTH_B                            ; 32                   ; Untyped                                     ;
; WIDTHAD_B                          ; 6                    ; Untyped                                     ;
; NUMWORDS_B                         ; 64                   ; Untyped                                     ;
; INDATA_REG_B                       ; CLOCK1               ; Untyped                                     ;
; WRCONTROL_WRADDRESS_REG_B          ; CLOCK1               ; Untyped                                     ;
; RDCONTROL_REG_B                    ; CLOCK1               ; Untyped                                     ;
; ADDRESS_REG_B                      ; CLOCK0               ; Untyped                                     ;
; OUTDATA_REG_B                      ; UNREGISTERED         ; Untyped                                     ;
; BYTEENA_REG_B                      ; CLOCK1               ; Untyped                                     ;
; INDATA_ACLR_B                      ; NONE                 ; Untyped                                     ;
; WRCONTROL_ACLR_B                   ; NONE                 ; Untyped                                     ;
; ADDRESS_ACLR_B                     ; NONE                 ; Untyped                                     ;
; OUTDATA_ACLR_B                     ; NONE                 ; Untyped                                     ;
; RDCONTROL_ACLR_B                   ; NONE                 ; Untyped                                     ;
; BYTEENA_ACLR_B                     ; NONE                 ; Untyped                                     ;
; WIDTH_BYTEENA_A                    ; 1                    ; Untyped                                     ;
; WIDTH_BYTEENA_B                    ; 1                    ; Untyped                                     ;
; RAM_BLOCK_TYPE                     ; AUTO                 ; Untyped                                     ;
; BYTE_SIZE                          ; 8                    ; Untyped                                     ;
; READ_DURING_WRITE_MODE_MIXED_PORTS ; OLD_DATA             ; Untyped                                     ;
; READ_DURING_WRITE_MODE_PORT_A      ; NEW_DATA_NO_NBE_READ ; Untyped                                     ;
; READ_DURING_WRITE_MODE_PORT_B      ; NEW_DATA_NO_NBE_READ ; Untyped                                     ;
; INIT_FILE                          ; UNUSED               ; Untyped                                     ;
; INIT_FILE_LAYOUT                   ; PORT_A               ; Untyped                                     ;
; MAXIMUM_DEPTH                      ; 0                    ; Untyped                                     ;
; CLOCK_ENABLE_INPUT_A               ; NORMAL               ; Untyped                                     ;
; CLOCK_ENABLE_INPUT_B               ; NORMAL               ; Untyped                                     ;
; CLOCK_ENABLE_OUTPUT_A              ; NORMAL               ; Untyped                                     ;
; CLOCK_ENABLE_OUTPUT_B              ; NORMAL               ; Untyped                                     ;
; CLOCK_ENABLE_CORE_A                ; USE_INPUT_CLKEN      ; Untyped                                     ;
; CLOCK_ENABLE_CORE_B                ; USE_INPUT_CLKEN      ; Untyped                                     ;
; ENABLE_ECC                         ; FALSE                ; Untyped                                     ;
; ECC_PIPELINE_STAGE_ENABLED         ; FALSE                ; Untyped                                     ;
; WIDTH_ECCSTATUS                    ; 3                    ; Untyped                                     ;
; DEVICE_FAMILY                      ; Cyclone II           ; Untyped                                     ;
; CBXI_PARAMETER                     ; altsyncram_8og1      ; Untyped                                     ;
+------------------------------------+----------------------+---------------------------------------------+
Note: In order to hide this table in the UI and the text report file, please set the "Show Parameter Settings in Synthesis Report" option in "Analysis and Synthesis Settings -> More Settings" to "Off".


+--------------------------------------------------------------------------------------------------------+
; altsyncram Parameter Settings by Entity Instance                                                       ;
+-------------------------------------------+------------------------------------------------------------+
; Name                                      ; Value                                                      ;
+-------------------------------------------+------------------------------------------------------------+
; Number of entity instances                ; 1                                                          ;
; Entity Instance                           ; cache:data_cache|gmemory:data|altsyncram:mem_reg[0][31]__1 ;
;     -- OPERATION_MODE                     ; DUAL_PORT                                                  ;
;     -- WIDTH_A                            ; 32                                                         ;
;     -- NUMWORDS_A                         ; 64                                                         ;
;     -- OUTDATA_REG_A                      ; UNREGISTERED                                               ;
;     -- WIDTH_B                            ; 32                                                         ;
;     -- NUMWORDS_B                         ; 64                                                         ;
;     -- ADDRESS_REG_B                      ; CLOCK0                                                     ;
;     -- OUTDATA_REG_B                      ; UNREGISTERED                                               ;
;     -- RAM_BLOCK_TYPE                     ; AUTO                                                       ;
;     -- READ_DURING_WRITE_MODE_MIXED_PORTS ; OLD_DATA                                                   ;
+-------------------------------------------+------------------------------------------------------------+


+-------------------------------+
; Elapsed Time Per Partition    ;
+----------------+--------------+
; Partition Name ; Elapsed Time ;
+----------------+--------------+
; Top            ; 00:00:07     ;
+----------------+--------------+


+-------------------------------+
; Analysis & Synthesis Messages ;
+-------------------------------+
Info: *******************************************************************
Info: Running Quartus II 64-Bit Analysis & Synthesis
    Info: Version 13.0.1 Build 232 06/12/2013 Service Pack 1 SJ Web Edition
    Info: Processing started: Mon Aug 25 17:05:06 2014
Info: Command: quartus_map --read_settings_files=on --write_settings_files=off ID -c ID
Warning (20028): Parallel compilation is not licensed and has been disabled
Info (12021): Found 2 design units, including 1 entities, in source file check_pc.vhd
    Info (12022): Found design unit 1: check_pc-check_pc_behave
    Info (12023): Found entity 1: check_pc
Info (12021): Found 2 design units, including 1 entities, in source file check_load.vhd
    Info (12022): Found design unit 1: check_load_store-check_load_store_behave
    Info (12023): Found entity 1: check_load_store
Info (12021): Found 2 design units, including 1 entities, in source file bbl_handler.vhd
    Info (12022): Found design unit 1: bbl_handler-bbl_handler_behave
    Info (12023): Found entity 1: bbl_handler
Info (12021): Found 1 design units, including 0 entities, in source file instructions_types.vhd
    Info (12022): Found design unit 1: instructions_types
Info (12021): Found 2 design units, including 1 entities, in source file register_file.vhd
    Info (12022): Found design unit 1: register_file-register_file_behave
    Info (12023): Found entity 1: register_file
Info (12021): Found 2 design units, including 1 entities, in source file operation_decoder.vhd
    Info (12022): Found design unit 1: operation_decoder-operation_decoder_behave
    Info (12023): Found entity 1: operation_decoder
Info (12021): Found 2 design units, including 1 entities, in source file id_exe.vhd
    Info (12022): Found design unit 1: id_exe-id_exe_behave
    Info (12023): Found entity 1: id_exe
Info (12021): Found 2 design units, including 1 entities, in source file id_complete.vhd
    Info (12022): Found design unit 1: id_complete-id_complete_behave
    Info (12023): Found entity 1: id_complete
Info (12021): Found 2 design units, including 1 entities, in source file /quartus projects/vlsiprojekat_memory/cache/gmemory.vhd
    Info (12022): Found design unit 1: gmemory-gmemory_behave
    Info (12023): Found entity 1: gmemory
Info (12021): Found 2 design units, including 1 entities, in source file /quartus projects/vlsiprojekat_memory/cache/cache.vhd
    Info (12022): Found design unit 1: cache-cache_behave
    Info (12023): Found entity 1: cache
Info (12127): Elaborating entity "id_complete" for the top level hierarchy
Info (12128): Elaborating entity "check_pc" for hierarchy "check_pc:pc_rd"
Info (12128): Elaborating entity "register_file" for hierarchy "register_file:reg_file"
Info (12128): Elaborating entity "operation_decoder" for hierarchy "operation_decoder:op_decoder"
Info (12128): Elaborating entity "bbl_handler" for hierarchy "bbl_handler:bbl_handler"
Warning (10492): VHDL Process Statement warning at bbl_handler.vhd(60): signal "pc" is read inside the Process Statement but isn't in the Process Statement's sensitivity list
Warning (10492): VHDL Process Statement warning at bbl_handler.vhd(69): signal "pc" is read inside the Process Statement but isn't in the Process Statement's sensitivity list
Info (12128): Elaborating entity "check_load_store" for hierarchy "check_load_store:load_store"
Info (12128): Elaborating entity "cache" for hierarchy "cache:data_cache"
Info (12128): Elaborating entity "gmemory" for hierarchy "cache:data_cache|gmemory:data"
Info (12128): Elaborating entity "altsyncram" for hierarchy "cache:data_cache|gmemory:data|altsyncram:mem_reg[0][31]__1"
Info (12130): Elaborated megafunction instantiation "cache:data_cache|gmemory:data|altsyncram:mem_reg[0][31]__1"
Info (12133): Instantiated megafunction "cache:data_cache|gmemory:data|altsyncram:mem_reg[0][31]__1" with the following parameter:
    Info (12134): Parameter "OPERATION_MODE" = "DUAL_PORT"
    Info (12134): Parameter "WIDTH_A" = "32"
    Info (12134): Parameter "WIDTHAD_A" = "6"
    Info (12134): Parameter "NUMWORDS_A" = "64"
    Info (12134): Parameter "WIDTH_B" = "32"
    Info (12134): Parameter "WIDTHAD_B" = "6"
    Info (12134): Parameter "NUMWORDS_B" = "64"
    Info (12134): Parameter "ADDRESS_ACLR_A" = "NONE"
    Info (12134): Parameter "OUTDATA_REG_B" = "UNREGISTERED"
    Info (12134): Parameter "ADDRESS_ACLR_B" = "NONE"
    Info (12134): Parameter "OUTDATA_ACLR_B" = "NONE"
    Info (12134): Parameter "ADDRESS_REG_B" = "CLOCK0"
    Info (12134): Parameter "INDATA_ACLR_A" = "NONE"
    Info (12134): Parameter "WRCONTROL_ACLR_A" = "NONE"
    Info (12134): Parameter "READ_DURING_WRITE_MODE_MIXED_PORTS" = "OLD_DATA"
Info (12021): Found 1 design units, including 1 entities, in source file db/altsyncram_8og1.tdf
    Info (12023): Found entity 1: altsyncram_8og1
Info (12128): Elaborating entity "altsyncram_8og1" for hierarchy "cache:data_cache|gmemory:data|altsyncram:mem_reg[0][31]__1|altsyncram_8og1:auto_generated"
Info (12128): Elaborating entity "id_exe" for hierarchy "id_exe:id_exe"
Info (276014): Found 1 instances of uninferred RAM logic
    Info (276007): RAM logic "cache:data_cache|tag" is uninferred due to asynchronous read logic
Info (13000): Registers with preset signals will power-up high
Info (13003): DEV_CLRn pin will set, and not reset, register with preset signal due to NOT Gate Push-Back
Warning (13004): Presettable and clearable registers converted to equivalent circuits with latches. Registers power-up to an undefined state, and DEVCLRn places the registers in an undefined state.
    Warning (13310): Register "register_file:reg_file|registers[15][0]" is converted into an equivalent circuit using register "register_file:reg_file|registers[15][0]~_emulated" and latch "register_file:reg_file|registers[15][0]~1"
    Warning (13310): Register "register_file:reg_file|registers[15][1]" is converted into an equivalent circuit using register "register_file:reg_file|registers[15][1]~_emulated" and latch "register_file:reg_file|registers[15][1]~5"
    Warning (13310): Register "register_file:reg_file|registers[15][2]" is converted into an equivalent circuit using register "register_file:reg_file|registers[15][2]~_emulated" and latch "register_file:reg_file|registers[15][2]~9"
    Warning (13310): Register "register_file:reg_file|registers[15][3]" is converted into an equivalent circuit using register "register_file:reg_file|registers[15][3]~_emulated" and latch "register_file:reg_file|registers[15][3]~13"
    Warning (13310): Register "register_file:reg_file|registers[15][4]" is converted into an equivalent circuit using register "register_file:reg_file|registers[15][4]~_emulated" and latch "register_file:reg_file|registers[15][4]~17"
    Warning (13310): Register "register_file:reg_file|registers[15][5]" is converted into an equivalent circuit using register "register_file:reg_file|registers[15][5]~_emulated" and latch "register_file:reg_file|registers[15][5]~21"
    Warning (13310): Register "register_file:reg_file|registers[15][6]" is converted into an equivalent circuit using register "register_file:reg_file|registers[15][6]~_emulated" and latch "register_file:reg_file|registers[15][6]~25"
    Warning (13310): Register "register_file:reg_file|registers[15][7]" is converted into an equivalent circuit using register "register_file:reg_file|registers[15][7]~_emulated" and latch "register_file:reg_file|registers[15][7]~29"
    Warning (13310): Register "register_file:reg_file|registers[15][8]" is converted into an equivalent circuit using register "register_file:reg_file|registers[15][8]~_emulated" and latch "register_file:reg_file|registers[15][8]~33"
    Warning (13310): Register "register_file:reg_file|registers[15][9]" is converted into an equivalent circuit using register "register_file:reg_file|registers[15][9]~_emulated" and latch "register_file:reg_file|registers[15][9]~37"
    Warning (13310): Register "register_file:reg_file|registers[15][10]" is converted into an equivalent circuit using register "register_file:reg_file|registers[15][10]~_emulated" and latch "register_file:reg_file|registers[15][10]~41"
    Warning (13310): Register "register_file:reg_file|registers[15][11]" is converted into an equivalent circuit using register "register_file:reg_file|registers[15][11]~_emulated" and latch "register_file:reg_file|registers[15][11]~45"
    Warning (13310): Register "register_file:reg_file|registers[15][12]" is converted into an equivalent circuit using register "register_file:reg_file|registers[15][12]~_emulated" and latch "register_file:reg_file|registers[15][12]~49"
    Warning (13310): Register "register_file:reg_file|registers[15][13]" is converted into an equivalent circuit using register "register_file:reg_file|registers[15][13]~_emulated" and latch "register_file:reg_file|registers[15][13]~53"
    Warning (13310): Register "register_file:reg_file|registers[15][14]" is converted into an equivalent circuit using register "register_file:reg_file|registers[15][14]~_emulated" and latch "register_file:reg_file|registers[15][14]~57"
    Warning (13310): Register "register_file:reg_file|registers[15][15]" is converted into an equivalent circuit using register "register_file:reg_file|registers[15][15]~_emulated" and latch "register_file:reg_file|registers[15][15]~61"
    Warning (13310): Register "register_file:reg_file|registers[15][16]" is converted into an equivalent circuit using register "register_file:reg_file|registers[15][16]~_emulated" and latch "register_file:reg_file|registers[15][16]~65"
    Warning (13310): Register "register_file:reg_file|registers[15][17]" is converted into an equivalent circuit using register "register_file:reg_file|registers[15][17]~_emulated" and latch "register_file:reg_file|registers[15][17]~69"
    Warning (13310): Register "register_file:reg_file|registers[15][18]" is converted into an equivalent circuit using register "register_file:reg_file|registers[15][18]~_emulated" and latch "register_file:reg_file|registers[15][18]~73"
    Warning (13310): Register "register_file:reg_file|registers[15][19]" is converted into an equivalent circuit using register "register_file:reg_file|registers[15][19]~_emulated" and latch "register_file:reg_file|registers[15][19]~77"
    Warning (13310): Register "register_file:reg_file|registers[15][20]" is converted into an equivalent circuit using register "register_file:reg_file|registers[15][20]~_emulated" and latch "register_file:reg_file|registers[15][20]~81"
    Warning (13310): Register "register_file:reg_file|registers[15][21]" is converted into an equivalent circuit using register "register_file:reg_file|registers[15][21]~_emulated" and latch "register_file:reg_file|registers[15][21]~85"
    Warning (13310): Register "register_file:reg_file|registers[15][22]" is converted into an equivalent circuit using register "register_file:reg_file|registers[15][22]~_emulated" and latch "register_file:reg_file|registers[15][22]~89"
    Warning (13310): Register "register_file:reg_file|registers[15][23]" is converted into an equivalent circuit using register "register_file:reg_file|registers[15][23]~_emulated" and latch "register_file:reg_file|registers[15][23]~93"
    Warning (13310): Register "register_file:reg_file|registers[15][24]" is converted into an equivalent circuit using register "register_file:reg_file|registers[15][24]~_emulated" and latch "register_file:reg_file|registers[15][24]~97"
    Warning (13310): Register "register_file:reg_file|registers[15][25]" is converted into an equivalent circuit using register "register_file:reg_file|registers[15][25]~_emulated" and latch "register_file:reg_file|registers[15][25]~101"
    Warning (13310): Register "register_file:reg_file|registers[15][26]" is converted into an equivalent circuit using register "register_file:reg_file|registers[15][26]~_emulated" and latch "register_file:reg_file|registers[15][26]~105"
    Warning (13310): Register "register_file:reg_file|registers[15][27]" is converted into an equivalent circuit using register "register_file:reg_file|registers[15][27]~_emulated" and latch "register_file:reg_file|registers[15][27]~109"
    Warning (13310): Register "register_file:reg_file|registers[15][28]" is converted into an equivalent circuit using register "register_file:reg_file|registers[15][28]~_emulated" and latch "register_file:reg_file|registers[15][28]~113"
    Warning (13310): Register "register_file:reg_file|registers[15][29]" is converted into an equivalent circuit using register "register_file:reg_file|registers[15][29]~_emulated" and latch "register_file:reg_file|registers[15][29]~117"
    Warning (13310): Register "register_file:reg_file|registers[15][30]" is converted into an equivalent circuit using register "register_file:reg_file|registers[15][30]~_emulated" and latch "register_file:reg_file|registers[15][30]~121"
    Warning (13310): Register "register_file:reg_file|registers[15][31]" is converted into an equivalent circuit using register "register_file:reg_file|registers[15][31]~_emulated" and latch "register_file:reg_file|registers[15][31]~125"
Info (16010): Generating hard_block partition "hard_block:auto_generated_inst"
    Info (16011): Adding 0 node(s), including 0 DDIO, 0 PLL, 0 transceiver and 0 LCELL
Info (21057): Implemented 4313 device resources after synthesis - the final resource count might be different
    Info (21058): Implemented 180 input pins
    Info (21059): Implemented 302 output pins
    Info (21060): Implemented 32 bidirectional pins
    Info (21061): Implemented 3767 logic cells
    Info (21064): Implemented 32 RAM segments
Info: Quartus II 64-Bit Analysis & Synthesis was successful. 0 errors, 36 warnings
    Info: Peak virtual memory: 512 megabytes
    Info: Processing ended: Mon Aug 25 17:05:16 2014
    Info: Elapsed time: 00:00:10
    Info: Total CPU time (on all processors): 00:00:10


